<?xml version="1.0" encoding="UTF-8"?>
<testng-results skipped="0" failed="0" ignored="0" total="1" passed="1">
  <reporter-output>
  </reporter-output>
  <suite name="Default suite" duration-ms="112" started-at="2019-12-20T14:22:53Z" finished-at="2019-12-20T14:22:53Z">
    <groups>
    </groups>
    <test name="Default test" duration-ms="112" started-at="2019-12-20T14:22:53Z" finished-at="2019-12-20T14:22:53Z">
      <class name="context.Regresion">
        <test-method status="PASS" signature="Caso1()[pri:0, instance:context.Regresion@6093dd95]" name="Caso1" duration-ms="81" started-at="2019-12-20T11:22:53Z" finished-at="2019-12-20T11:22:53Z">
          <reporter-output>
          </reporter-output>
        </test-method> <!-- Caso1 -->
      </class> <!-- context.Regresion -->
    </test> <!-- Default test -->
  </suite> <!-- Default suite -->
</testng-results>
